build/outputs/mapping/release/mapping.txt
com.niuteam.securememo.MainActivity -> com.niuteam.securememo.MainActivity:
    android.widget.EditText txt_input -> a
    android.widget.TextView txt_show -> b
    void onCreate(android.os.Bundle) -> onCreate
    void backupSms(android.view.View) -> backupSms
    void startFtp(android.view.View) -> startFtp
    void log(java.lang.String) -> a
...
be.ppareit.swiftp.server.CmdAbstractStore$1 -> be.ppareit.swiftp.a.f:
    java.io.RandomAccessFile val$raf -> a
    be.ppareit.swiftp.server.CmdAbstractStore this$0 -> b
    void write(int) -> write
    void close() -> close
be.ppareit.swiftp.server.CmdCDUP -> be.ppareit.swiftp.a.g:
    java.lang.String TAG -> a
    void run() -> run
be.ppareit.swiftp.server.CmdCWD -> be.ppareit.swiftp.a.h:
    java.lang.String TAG -> d
    java.lang.String input -> a
    void run() -> run
be.ppareit.swiftp.server.CmdDELE -> be.ppareit.swiftp.a.i:
    java.lang.String TAG -> d
    java.lang.String input -> a
    void run() -> run
be.ppareit.swiftp.server.CmdFEAT -> be.ppareit.swiftp.a.j:
    java.lang.String TAG -> a
    void run() -> run
be.ppareit.swiftp.server.CmdLIST -> be.ppareit.swiftp.a.k:
    java.lang.String TAG -> d
    java.lang.String input -> e
    void run() -> run
    java.lang.String makeLsString(java.io.File) -> a
be.ppareit.swiftp.server.CmdMDTM -> be.ppareit.swiftp.a.l:
    java.lang.String TAG -> a
    java.lang.String mInput -> d
    void run() -> run
be.ppareit.swiftp.server.CmdMFMT -> be.ppareit.swiftp.a.m:
    java.lang.String TAG -> a
    java.lang.String mInput -> d
    void run() -> run
be.ppareit.swiftp.server.CmdMKD -> be.ppareit.swiftp.a.n:
    java.lang.String TAG -> d
    java.lang.String input -> a
    void run() -> run
be.ppareit.swiftp.server.CmdMap -> be.ppareit.swiftp.a.o:
    java.lang.Class cmdClass -> a
    java.lang.String name -> b
    java.lang.Class getCommand() -> a
    java.lang.String getName() -> b
be.ppareit.swiftp.server.CmdNLST -> be.ppareit.swiftp.a.p:
    java.lang.String TAG -> d
    java.lang.String input -> e
    void run() -> run
    java.lang.String makeLsString(java.io.File) -> a
be.ppareit.swiftp.server.CmdNOOP -> be.ppareit.swiftp.a.q:
    void run() -> run
be.ppareit.swiftp.server.CmdOPTS -> be.ppareit.swiftp.a.r:
    java.lang.String TAG -> a
    java.lang.String input -> d
    void run() -> run
be.ppareit.swiftp.server.CmdPASS -> be.ppareit.swiftp.a.s:
    java.lang.String TAG -> d
    java.lang.String input -> a
    void run() -> run
be.ppareit.swiftp.server.CmdPASV -> be.ppareit.swiftp.a.t:
    java.lang.String TAG -> a
    void run() -> run
be.ppareit.swiftp.server.CmdPORT -> be.ppareit.swiftp.a.u:
    java.lang.String TAG -> d
    java.lang.String input -> a
    void run() -> run
be.ppareit.swiftp.server.CmdPWD -> be.ppareit.swiftp.a.v:
    java.lang.String TAG -> a
    void run() -> run
be.ppareit.swiftp.server.CmdQUIT -> be.ppareit.swiftp.a.w:
    java.lang.String TAG -> a
    void run() -> run
be.ppareit.swiftp.server.CmdREST -> be.ppareit.swiftp.a.x:
    java.lang.String TAG -> d
    java.lang.String input -> a
    void run() -> run
be.ppareit.swiftp.server.CmdRETR -> be.ppareit.swiftp.a.y:
    java.lang.String TAG -> d
    java.lang.String input -> a
    void run() -> run
be.ppareit.swiftp.server.CmdRMD -> be.ppareit.swiftp.a.z:
    java.lang.String TAG -> d
    java.lang.String input -> a
    void run() -> run
    boolean recursiveDelete(java.io.File) -> a
be.ppareit.swiftp.server.CmdRNFR -> be.ppareit.swiftp.a.aa:
    java.lang.String TAG -> d
    java.lang.String input -> a
    void run() -> run
be.ppareit.swiftp.server.CmdRNTO -> be.ppareit.swiftp.a.ab:
    java.lang.String TAG -> d
    java.lang.String input -> a
    void run() -> run
be.ppareit.swiftp.server.CmdSITE -> be.ppareit.swiftp.a.ac:
    void run() -> run
be.ppareit.swiftp.server.CmdSIZE -> be.ppareit.swiftp.a.ad:
    java.lang.String TAG -> d
    java.lang.String input -> a
    void run() -> run
be.ppareit.swiftp.server.CmdSTOR -> be.ppareit.swiftp.a.ae:
    java.lang.String input -> a
    void run() -> run
be.ppareit.swiftp.server.CmdSYST -> be.ppareit.swiftp.a.af:
    java.lang.String TAG -> a
    void run() -> run
be.ppareit.swiftp.server.CmdTYPE -> be.ppareit.swiftp.a.ag:
    java.lang.String TAG -> d
    java.lang.String input -> a
    void run() -> run