build/outputs/mapping/release/usage.txt
com.niuteam.securememo.BuildConfig
com.niuteam.securememo.MainActivity:
    58:62:private void dlg()
com.niuteam.securememo.R
com.niuteam.securememo.R$attr
com.niuteam.securememo.R$dimen
com.niuteam.securememo.R$drawable
com.niuteam.securememo.R$id
com.niuteam.securememo.R$layout
com.niuteam.securememo.R$string
com.niuteam.securememo.R$xml
...
be.ppareit.swiftp.Defaults:
    public static final int tcpConnectionBacklog
    public static final int SO_TIMEOUT_MS
    public static final java.lang.String SESSION_ENCODING
    public static final boolean do_mediascanner_notify
    23:23:public Defaults()
    40:41:public static void setInputBufferSize(int)
    48:49:public static void setDataChunkSize(int)
be.ppareit.swiftp.FsService:
    public static final java.lang.String ACTION_STARTED
    public static final java.lang.String ACTION_STOPPED
    public static final java.lang.String ACTION_FAILEDTOSTART
    public static final java.lang.String ACTION_START_FTPSERVER
    public static final java.lang.String ACTION_STOP_FTPSERVER
    public static final int WAKE_INTERVAL_MS
be.ppareit.swiftp.FsSettings:
    98:98:public static int getInputBufferSize()
    102:103:public static void setInputBufferSize(int)
    106:106:public static boolean isAllowOverwrite()
    110:111:public static void setAllowOverwrite(boolean)
    114:114:public static int getDataChunkSize()
    118:119:public static void setDataChunkSize(int)
    122:122:public static int getSessionMonitorScrollBack()
    126:127:public static void setSessionMonitorScrollBack(int)
    130:130:public static int getServerLogScrollBack()
    134:135:public static void setLogScrollBack(int)
be.ppareit.swiftp.NsdService:
    private static final java.lang.String FTP_SERVICE_TYPE
be.ppareit.swiftp.Util:
    38:46:public static java.lang.String ipToString(int,java.lang.String)
    64:70:public static java.lang.String ipToString(int)
    74:77:public static java.lang.String[] concatStrArrays(java.lang.String[],java.lang.String[])
be.ppareit.swiftp.server.CmdAPPE:
    27:29:public CmdAPPE(be.ppareit.swiftp.server.SessionThread,java.lang.String)
be.ppareit.swiftp.server.CmdAbstractListing:
    41:42:public CmdAbstractListing(be.ppareit.swiftp.server.SessionThread,java.lang.String)
be.ppareit.swiftp.server.CmdAbstractStore:
    private static final java.lang.String TAG
    public static final java.lang.String message
    44:45:public CmdAbstractStore(be.ppareit.swiftp.server.SessionThread,java.lang.String)
be.ppareit.swiftp.server.CmdCDUP:
    protected java.lang.String input
    32:33:public CmdCDUP(be.ppareit.swiftp.server.SessionThread,java.lang.String)
be.ppareit.swiftp.server.CmdCWD:
    33:35:public CmdCWD(be.ppareit.swiftp.server.SessionThread,java.lang.String)
be.ppareit.swiftp.server.CmdDELE:
    33:35:public CmdDELE(be.ppareit.swiftp.server.SessionThread,java.lang.String)
be.ppareit.swiftp.server.CmdFEAT:
    28:29:public CmdFEAT(be.ppareit.swiftp.server.SessionThread,java.lang.String)
be.ppareit.swiftp.server.CmdLIST:
    public static final long MS_IN_SIX_MONTHS
    44:46:public CmdLIST(be.ppareit.swiftp.server.SessionThread,java.lang.String)
be.ppareit.swiftp.server.CmdMDTM:
    38:40:public CmdMDTM(be.ppareit.swiftp.server.SessionThread,java.lang.String)
be.ppareit.swiftp.server.CmdMFMT:
    39:41:public CmdMFMT(be.ppareit.swiftp.server.SessionThread,java.lang.String)
be.ppareit.swiftp.server.CmdMKD:
    32:34:public CmdMKD(be.ppareit.swiftp.server.SessionThread,java.lang.String)
be.ppareit.swiftp.server.CmdMap:
    38:39:public void setCommand(java.lang.Class)
    46:47:public void setName(java.lang.String)
be.ppareit.swiftp.server.CmdNLST:
    public static final long MS_IN_SIX_MONTHS
    41:43:public CmdNLST(be.ppareit.swiftp.server.SessionThread,java.lang.String)
be.ppareit.swiftp.server.CmdNOOP:
    public static final java.lang.String message
    26:27:public CmdNOOP(be.ppareit.swiftp.server.SessionThread,java.lang.String)
be.ppareit.swiftp.server.CmdOPTS:
    public static final java.lang.String message
    31:33:public CmdOPTS(be.ppareit.swiftp.server.SessionThread,java.lang.String)
be.ppareit.swiftp.server.CmdPASS:
    32:34:public CmdPASS(be.ppareit.swiftp.server.SessionThread,java.lang.String)